<?xml version="1.0" encoding="UTF-8"?>
<!-- Generated by org.testng.reporters.JUnitReportReporter -->
<testsuite hostname="compstaff-195" failures="0" tests="4" name="com.practice.testng.googleTest" time="15.751" errors="0" timestamp="2023-06-06T11:19:56 IST" skipped="0">
  <testcase classname="com.practice.testng.googleTest" name="test2" time="3.376"/>
  <system-out/>
  <testcase classname="com.practice.testng.googleTest" name="test1" time="3.520"/>
  <system-out/>
  <testcase classname="com.practice.testng.googleTest" name="testsearch" time="5.679"/>
  <system-out/>
  <testcase classname="com.practice.testng.googleTest" name="checklogo" time="3.176"/>
  <system-out/>
</testsuite> <!-- com.practice.testng.googleTest -->
