<?xml version="1.0" encoding="UTF-8"?>
<!-- Generated by org.testng.reporters.JUnitReportReporter -->
<testsuite hostname="compstaff-195" failures="0" tests="1" name="com.practice.testng.testngparameters" time="33.758" errors="0" timestamp="2023-06-06T15:03:58 IST" skipped="0">
  <testcase classname="com.practice.testng.testngparameters" name="login" time="33.758"/>
  <system-out/>
</testsuite> <!-- com.practice.testng.testngparameters -->
