<?xml version="1.0" encoding="UTF-8"?>
<!-- Generated by org.testng.reporters.JUnitReportReporter -->
<testsuite hostname="compstaff-195" failures="0" tests="1" name="com.practice.testng.testdd" time="11.882" errors="0" timestamp="2023-06-07T12:17:08 IST" skipped="0">
  <testcase classname="com.practice.testng.testdd" name="login" time="11.882"/>
  <system-out/>
</testsuite> <!-- com.practice.testng.testdd -->
