<?xml version="1.0" encoding="UTF-8"?>
<!-- Generated by org.testng.reporters.JUnitReportReporter -->
<testsuite hostname="compstaff-195" failures="0" tests="2" name="com.practice.testng.testngbasics" time="0.005" errors="0" timestamp="2023-06-06T11:19:56 IST" skipped="0">
  <testcase classname="com.practice.testng.testngbasics" name="googleTitleTest" time="0.003"/>
  <system-out/>
  <testcase classname="com.practice.testng.testngbasics" name="boogleTitleTest1" time="0.002"/>
  <system-out/>
</testsuite> <!-- com.practice.testng.testngbasics -->
