<?xml version="1.0" encoding="UTF-8"?>
<!-- Generated by org.testng.reporters.JUnitReportReporter -->
<testsuite hostname="compstaff-195" failures="0" tests="1" name="com.practice.testng.Exceptiontimeouttest" time="0.010" errors="0" timestamp="2023-06-06T11:19:56 IST" skipped="0">
  <testcase classname="com.practice.testng.Exceptiontimeouttest" name="test" time="0.010"/>
  <system-out/>
</testsuite> <!-- com.practice.testng.Exceptiontimeouttest -->
