<?xml version="1.0" encoding="UTF-8"?>
<!-- Generated by org.testng.reporters.JUnitReportReporter -->
<testsuite hostname="compstaff-195" failures="0" tests="10" name="com.practice.testng.Invocationcount" time="0.006" errors="0" timestamp="2023-06-06T11:19:56 IST" skipped="0">
  <testcase classname="com.practice.testng.Invocationcount" name="cal_sum" time="0.000"/>
  <system-out/>
  <testcase classname="com.practice.testng.Invocationcount" name="cal_sum" time="0.000"/>
  <system-out/>
  <testcase classname="com.practice.testng.Invocationcount" name="cal_sum" time="0.001"/>
  <system-out/>
  <testcase classname="com.practice.testng.Invocationcount" name="cal_sum" time="0.001"/>
  <system-out/>
  <testcase classname="com.practice.testng.Invocationcount" name="cal_sum" time="0.001"/>
  <system-out/>
  <testcase classname="com.practice.testng.Invocationcount" name="cal_sum" time="0.001"/>
  <system-out/>
  <testcase classname="com.practice.testng.Invocationcount" name="cal_sum" time="0.000"/>
  <system-out/>
  <testcase classname="com.practice.testng.Invocationcount" name="cal_sum" time="0.000"/>
  <system-out/>
  <testcase classname="com.practice.testng.Invocationcount" name="cal_sum" time="0.001"/>
  <system-out/>
  <testcase classname="com.practice.testng.Invocationcount" name="cal_sum" time="0.001"/>
  <system-out/>
</testsuite> <!-- com.practice.testng.Invocationcount -->
